<?xml version="1.0" encoding="UTF-8"?>
<!-- Generated by org.testng.reporters.JUnitReportReporter -->
<testsuite hostname="LTIN487229" failures="0" tests="10" name="testCase.TS_01_ValidationOfHomePage" time="156.265" errors="0" timestamp="2024-04-14T15:25:20 IST" skipped="0">
  <testcase classname="testCase.TS_01_ValidationOfHomePage" name="logoValidation" time="23.965"/>
  <testcase classname="testCase.TS_01_ValidationOfHomePage" name="logoValidation" time="11.380"/>
  <testcase classname="testCase.TS_01_ValidationOfHomePage" name="downloadValidation" time="7.065"/>
  <testcase classname="testCase.TS_01_ValidationOfHomePage" name="downloadValidation" time="12.144"/>
  <testcase classname="testCase.TS_01_ValidationOfHomePage" name="copyRightValidation" time="25.478"/>
  <testcase classname="testCase.TS_01_ValidationOfHomePage" name="copyRightValidation" time="19.746"/>
  <testcase classname="testCase.TS_01_ValidationOfHomePage" name="loginValidation" time="14.381"/>
  <testcase classname="testCase.TS_01_ValidationOfHomePage" name="loginValidation" time="14.565"/>
  <testcase classname="testCase.TS_01_ValidationOfHomePage" name="functionalityValidation" time="10.603"/>
  <testcase classname="testCase.TS_01_ValidationOfHomePage" name="functionalityValidation" time="16.938"/>
</testsuite> <!-- testCase.TS_01_ValidationOfHomePage -->
