<?xml version="1.0" encoding="UTF-8"?>
<!-- Generated by org.testng.reporters.JUnitReportReporter -->
<testsuite hostname="LTIN487229" failures="0" tests="8" name="testRunner.Runner" time="192.878" errors="0" timestamp="2024-04-14T15:25:20 IST" skipped="0">
  <testcase classname="testRunner.Runner" name="runScenario" time="19.557"/>
  <testcase classname="testRunner.Runner" name="runScenario" time="23.519"/>
  <testcase classname="testRunner.Runner" name="runScenario" time="13.115"/>
  <testcase classname="testRunner.Runner" name="runScenario" time="16.048"/>
  <testcase classname="testRunner.Runner" name="runScenario" time="26.104"/>
  <testcase classname="testRunner.Runner" name="runScenario" time="17.553"/>
  <testcase classname="testRunner.Runner" name="runScenario" time="41.859"/>
  <testcase classname="testRunner.Runner" name="runScenario" time="35.123"/>
</testsuite> <!-- testRunner.Runner -->
