<?xml version="1.0" encoding="UTF-8"?>
<!-- Generated by org.testng.reporters.JUnitReportReporter -->
<testsuite hostname="LTIN487229" failures="0" tests="10" name="testCase.TS_04_ValidationOfLabTest" time="204.066" errors="0" timestamp="2024-04-14T15:25:20 IST" skipped="0">
  <testcase classname="testCase.TS_04_ValidationOfLabTest" name="isLabTestclickable" time="21.989"/>
  <testcase classname="testCase.TS_04_ValidationOfLabTest" name="isLabTestclickable" time="23.075"/>
  <testcase classname="testCase.TS_04_ValidationOfLabTest" name="topCitiesBlockAvailable" time="19.185"/>
  <testcase classname="testCase.TS_04_ValidationOfLabTest" name="topCitiesBlockAvailable" time="14.204"/>
  <testcase classname="testCase.TS_04_ValidationOfLabTest" name="allCitiesBlockAvailable" time="22.314"/>
  <testcase classname="testCase.TS_04_ValidationOfLabTest" name="allCitiesBlockAvailable" time="19.820"/>
  <testcase classname="testCase.TS_04_ValidationOfLabTest" name="needHelpBlockValidation" time="17.436"/>
  <testcase classname="testCase.TS_04_ValidationOfLabTest" name="needHelpBlockValidation" time="24.369"/>
  <testcase classname="testCase.TS_04_ValidationOfLabTest" name="addToCartValidation" time="21.118"/>
  <testcase classname="testCase.TS_04_ValidationOfLabTest" name="addToCartValidation" time="20.556"/>
</testsuite> <!-- testCase.TS_04_ValidationOfLabTest -->
