<?xml version="1.0" encoding="UTF-8"?>
<!-- Generated by org.testng.reporters.JUnitReportReporter -->
<testsuite hostname="LTIN487229" failures="0" tests="10" name="testCase.TS_03_ValidationSergeriesPage" time="173.137" errors="0" timestamp="2024-04-14T15:25:20 IST" skipped="0">
  <testcase classname="testCase.TS_03_ValidationSergeriesPage" name="contactDetails" time="11.450"/>
  <testcase classname="testCase.TS_03_ValidationSergeriesPage" name="contactDetails" time="11.693"/>
  <testcase classname="testCase.TS_03_ValidationSergeriesPage" name="practoCareBenifits" time="14.244"/>
  <testcase classname="testCase.TS_03_ValidationSergeriesPage" name="practoCareBenifits" time="17.672"/>
  <testcase classname="testCase.TS_03_ValidationSergeriesPage" name="howItWorks" time="27.253"/>
  <testcase classname="testCase.TS_03_ValidationSergeriesPage" name="howItWorks" time="13.955"/>
  <testcase classname="testCase.TS_03_ValidationSergeriesPage" name="allSurgeries" time="14.950"/>
  <testcase classname="testCase.TS_03_ValidationSergeriesPage" name="allSurgeries" time="24.798"/>
  <testcase classname="testCase.TS_03_ValidationSergeriesPage" name="allDepartment" time="18.216"/>
  <testcase classname="testCase.TS_03_ValidationSergeriesPage" name="allDepartment" time="18.906"/>
</testsuite> <!-- testCase.TS_03_ValidationSergeriesPage -->
