<?xml version="1.0" encoding="UTF-8"?>
<!-- Generated by org.testng.reporters.JUnitReportReporter -->
<testsuite hostname="LTIN487229" failures="0" tests="10" name="testCase.TS_05_ValidationOfSearchPage" time="195.297" errors="0" timestamp="2024-04-14T15:25:20 IST" skipped="0">
  <testcase classname="testCase.TS_05_ValidationOfSearchPage" name="dropDownVerification" time="26.257"/>
  <testcase classname="testCase.TS_05_ValidationOfSearchPage" name="dropDownVerification" time="30.805"/>
  <testcase classname="testCase.TS_05_ValidationOfSearchPage" name="professionVerification" time="29.149"/>
  <testcase classname="testCase.TS_05_ValidationOfSearchPage" name="professionVerification" time="26.778"/>
  <testcase classname="testCase.TS_05_ValidationOfSearchPage" name="professionValidation" time="14.954"/>
  <testcase classname="testCase.TS_05_ValidationOfSearchPage" name="professionValidation" time="10.761"/>
  <testcase classname="testCase.TS_05_ValidationOfSearchPage" name="userVerification" time="14.042"/>
  <testcase classname="testCase.TS_05_ValidationOfSearchPage" name="userVerification" time="11.315"/>
  <testcase classname="testCase.TS_05_ValidationOfSearchPage" name="verifyLocation" time="19.854"/>
  <testcase classname="testCase.TS_05_ValidationOfSearchPage" name="verifyLocation" time="11.382"/>
</testsuite> <!-- testCase.TS_05_ValidationOfSearchPage -->
