<?xml version="1.0" encoding="UTF-8"?>
<!-- Generated by org.testng.reporters.JUnitReportReporter -->
<testsuite hostname="LTIN487229" failures="0" tests="12" name="testCase.TS_02_ValidationOfScheduling" time="241.741" errors="0" timestamp="2024-04-14T15:25:20 IST" skipped="0">
  <testcase classname="testCase.TS_02_ValidationOfScheduling" name="isHealthIsClickable" time="25.146"/>
  <testcase classname="testCase.TS_02_ValidationOfScheduling" name="isHealthIsClickable" time="15.605"/>
  <testcase classname="testCase.TS_02_ValidationOfScheduling" name="withAllValidDetails" time="18.756"/>
  <testcase classname="testCase.TS_02_ValidationOfScheduling" name="withAllValidDetails" time="17.709"/>
  <testcase classname="testCase.TS_02_ValidationOfScheduling" name="withAllValidDetails" time="24.864"/>
  <testcase classname="testCase.TS_02_ValidationOfScheduling" name="withAllValidDetails" time="14.083"/>
  <testcase classname="testCase.TS_02_ValidationOfScheduling" name="withAllValidDetails" time="15.864"/>
  <testcase classname="testCase.TS_02_ValidationOfScheduling" name="withAllValidDetails" time="16.859"/>
  <testcase classname="testCase.TS_02_ValidationOfScheduling" name="withAllValidDetails" time="27.916"/>
  <testcase classname="testCase.TS_02_ValidationOfScheduling" name="withAllValidDetails" time="15.666"/>
  <testcase classname="testCase.TS_02_ValidationOfScheduling" name="validationOfThankYouMessage" time="20.881"/>
  <testcase classname="testCase.TS_02_ValidationOfScheduling" name="validationOfThankYouMessage" time="28.392"/>
</testsuite> <!-- testCase.TS_02_ValidationOfScheduling -->
